[    0.000000] Linux version 4.15.0-65-generic (buildd@lgw01-amd64-006) (gcc version 7.4.0 (Ubuntu 7.4.0-1ubuntu1~18.04.1)) #74-Ubuntu SMP Tue Sep 17 17:06:04 UTC 2019 (Ubuntu 4.15.0-65.74-generic 4.15.18)
[    0.000000] Command line: BOOT_IMAGE=/boot/vmlinuz-4.15.0-65-generic root=LABEL=cloudimg-rootfs ro console=tty1 console=ttyS0
[    0.000000] KERNEL supported cpus:
[    0.000000]   Intel GenuineIntel
[    0.000000]   AMD AuthenticAMD
[    0.000000]   Centaur CentaurHauls
[    0.000000] x86/fpu: Supporting XSAVE feature 0x001: 'x87 floating point registers'
[    0.000000] x86/fpu: Supporting XSAVE feature 0x002: 'SSE registers'
[    0.000000] x86/fpu: Supporting XSAVE feature 0x004: 'AVX registers'
[    0.000000] x86/fpu: xstate_offset[2]:  576, xstate_sizes[2]:  256
[    0.000000] x86/fpu: Enabled xstate features 0x7, context size is 832 bytes, using 'standard' format.
[    0.000000] e820: BIOS-provided physical RAM map:
[    0.000000] BIOS-e820: [mem 0x0000000000000000-0x000000000009fbff] usable
[    0.000000] BIOS-e820: [mem 0x000000000009fc00-0x000000000009ffff] reserved
[    0.000000] BIOS-e820: [mem 0x00000000000f0000-0x00000000000fffff] reserved
[    0.000000] BIOS-e820: [mem 0x0000000000100000-0x00000000dffeffff] usable
[    0.000000] BIOS-e820: [mem 0x00000000dfff0000-0x00000000dfffffff] ACPI data
[    0.000000] BIOS-e820: [mem 0x00000000fec00000-0x00000000fec00fff] reserved
[    0.000000] BIOS-e820: [mem 0x00000000fee00000-0x00000000fee00fff] reserved
[    0.000000] BIOS-e820: [mem 0x00000000fffc0000-0x00000000ffffffff] reserved
[    0.000000] BIOS-e820: [mem 0x0000000100000000-0x000000011fffffff] usable
[    0.000000] NX (Execute Disable) protection: active
[    0.000000] SMBIOS 2.5 present.
[    0.000000] DMI: innotek GmbH VirtualBox/VirtualBox, BIOS VirtualBox 12/01/2006
[    0.000000] Hypervisor detected: KVM
[    0.000000] e820: last_pfn = 0x120000 max_arch_pfn = 0x400000000
[    0.000000] MTRR: Disabled
[    0.000000] x86/PAT: MTRRs disabled, skipping PAT initialization too.
[    0.000000] CPU MTRRs all blank - virtualized system.
[    0.000000] x86/PAT: Configuration [0-7]: WB  WT  UC- UC  WB  WT  UC- UC  
[    0.000000] e820: last_pfn = 0xdfff0 max_arch_pfn = 0x400000000
[    0.000000] found SMP MP-table at [mem 0x0009fff0-0x0009ffff]
[    0.000000] Scanning 1 areas for low memory corruption
[    0.000000] RAMDISK: [mem 0x35a8b000-0x36d3cfff]
[    0.000000] ACPI: Early table checksum verification disabled
[    0.000000] ACPI: RSDP 0x00000000000E0000 000024 (v02 VBOX  )
[    0.000000] ACPI: XSDT 0x00000000DFFF0030 00003C (v01 VBOX   VBOXXSDT 00000001 ASL  00000061)
[    0.000000] ACPI: FACP 0x00000000DFFF00F0 0000F4 (v04 VBOX   VBOXFACP 00000001 ASL  00000061)
[    0.000000] ACPI: DSDT 0x00000000DFFF0470 0022EA (v02 VBOX   VBOXBIOS 00000002 INTL 20100528)
[    0.000000] ACPI: FACS 0x00000000DFFF0200 000040
[    0.000000] ACPI: FACS 0x00000000DFFF0200 000040
[    0.000000] ACPI: APIC 0x00000000DFFF0240 00005C (v02 VBOX   VBOXAPIC 00000001 ASL  00000061)
[    0.000000] ACPI: SSDT 0x00000000DFFF02A0 0001CC (v01 VBOX   VBOXCPUT 00000002 INTL 20100528)
[    0.000000] No NUMA configuration found
[    0.000000] Faking a node at [mem 0x0000000000000000-0x000000011fffffff]
[    0.000000] NODE_DATA(0) allocated [mem 0x11ffd1000-0x11fffbfff]
[    0.000000] kvm-clock: cpu 0, msr 1:1ff50001, primary cpu clock
[    0.000000] kvm-clock: Using msrs 4b564d01 and 4b564d00
[    0.000000] kvm-clock: using sched offset of 5225307947 cycles
[    0.000000] clocksource: kvm-clock: mask: 0xffffffffffffffff max_cycles: 0x1cd42e4dffb, max_idle_ns: 881590591483 ns
[    0.000000] Zone ranges:
[    0.000000]   DMA      [mem 0x0000000000001000-0x0000000000ffffff]
[    0.000000]   DMA32    [mem 0x0000000001000000-0x00000000ffffffff]
[    0.000000]   Normal   [mem 0x0000000100000000-0x000000011fffffff]
[    0.000000]   Device   empty
[    0.000000] Movable zone start for each node
[    0.000000] Early memory node ranges
[    0.000000]   node   0: [mem 0x0000000000001000-0x000000000009efff]
[    0.000000]   node   0: [mem 0x0000000000100000-0x00000000dffeffff]
[    0.000000]   node   0: [mem 0x0000000100000000-0x000000011fffffff]
[    0.000000] Reserved but unavailable: 98 pages
[    0.000000] Initmem setup node 0 [mem 0x0000000000001000-0x000000011fffffff]
[    0.000000] ACPI: PM-Timer IO Port: 0x4008
[    0.000000] IOAPIC[0]: apic_id 2, version 32, address 0xfec00000, GSI 0-23
[    0.000000] ACPI: INT_SRC_OVR (bus 0 bus_irq 0 global_irq 2 dfl dfl)
[    0.000000] ACPI: INT_SRC_OVR (bus 0 bus_irq 9 global_irq 9 low level)
[    0.000000] Using ACPI (MADT) for SMP configuration information
[    0.000000] smpboot: Allowing 2 CPUs, 0 hotplug CPUs
[    0.000000] PM: Registered nosave memory: [mem 0x00000000-0x00000fff]
[    0.000000] PM: Registered nosave memory: [mem 0x0009f000-0x0009ffff]
[    0.000000] PM: Registered nosave memory: [mem 0x000a0000-0x000effff]
[    0.000000] PM: Registered nosave memory: [mem 0x000f0000-0x000fffff]
[    0.000000] PM: Registered nosave memory: [mem 0xdfff0000-0xdfffffff]
[    0.000000] PM: Registered nosave memory: [mem 0xe0000000-0xfebfffff]
[    0.000000] PM: Registered nosave memory: [mem 0xfec00000-0xfec00fff]
[    0.000000] PM: Registered nosave memory: [mem 0xfec01000-0xfedfffff]
[    0.000000] PM: Registered nosave memory: [mem 0xfee00000-0xfee00fff]
[    0.000000] PM: Registered nosave memory: [mem 0xfee01000-0xfffbffff]
[    0.000000] PM: Registered nosave memory: [mem 0xfffc0000-0xffffffff]
[    0.000000] e820: [mem 0xe0000000-0xfebfffff] available for PCI devices
[    0.000000] Booting paravirtualized kernel on KVM
[    0.000000] clocksource: refined-jiffies: mask: 0xffffffff max_cycles: 0xffffffff, max_idle_ns: 7645519600211568 ns
[    0.000000] random: get_random_bytes called from start_kernel+0x99/0x4fd with crng_init=0
[    0.000000] setup_percpu: NR_CPUS:8192 nr_cpumask_bits:2 nr_cpu_ids:2 nr_node_ids:1
[    0.000000] percpu: Embedded 46 pages/cpu s151552 r8192 d28672 u1048576
[    0.000000] PV qspinlock hash table entries: 256 (order: 0, 4096 bytes)
[    0.000000] Built 1 zonelists, mobility grouping on.  Total pages: 1032057
[    0.000000] Policy zone: Normal
[    0.000000] Kernel command line: BOOT_IMAGE=/boot/vmlinuz-4.15.0-65-generic root=LABEL=cloudimg-rootfs ro console=tty1 console=ttyS0
[    0.000000] Memory: 4014044K/4193848K available (12300K kernel code, 2481K rwdata, 4256K rodata, 2436K init, 2388K bss, 179804K reserved, 0K cma-reserved)
[    0.000000] SLUB: HWalign=64, Order=0-3, MinObjects=0, CPUs=2, Nodes=1
[    0.000000] Kernel/User page tables isolation: enabled
[    0.000000] ftrace: allocating 39301 entries in 154 pages
[    0.004000] Hierarchical RCU implementation.
[    0.004000] 	RCU restricting CPUs from NR_CPUS=8192 to nr_cpu_ids=2.
[    0.004000] 	Tasks RCU enabled.
[    0.004000] RCU: Adjusting geometry for rcu_fanout_leaf=16, nr_cpu_ids=2
[    0.004000] NR_IRQS: 524544, nr_irqs: 440, preallocated irqs: 16
[    0.004000] Console: colour VGA+ 80x25
[    0.004000] console [tty1] enabled
[    0.004000] console [ttyS0] enabled
[    0.004000] ACPI: Core revision 20170831
[    0.004000] ACPI: 2 ACPI AML tables successfully acquired and loaded
[    0.004000] APIC: Switch to symmetric I/O mode setup
[    0.004000] x2apic enabled
[    0.004000] Switched APIC routing to physical x2apic.
[    0.007976] ..TIMER: vector=0x30 apic1=0 pin1=2 apic2=-1 pin2=-1
[    0.008003] tsc: Detected 2194.918 MHz processor
[    0.012009] Calibrating delay loop (skipped) preset value.. 4389.83 BogoMIPS (lpj=8779672)
[    0.014750] pid_max: default: 32768 minimum: 301
[    0.016064] Security Framework initialized
[    0.017518] Yama: becoming mindful.
[    0.020035] AppArmor: AppArmor initialized
[    0.032282] Dentry cache hash table entries: 524288 (order: 10, 4194304 bytes)
[    0.040271] Inode-cache hash table entries: 262144 (order: 9, 2097152 bytes)
[    0.044031] Mount-cache hash table entries: 8192 (order: 4, 65536 bytes)
[    0.046134] Mountpoint-cache hash table entries: 8192 (order: 4, 65536 bytes)
[    0.048520] Last level iTLB entries: 4KB 1024, 2MB 1024, 4MB 1024
[    0.050451] Last level dTLB entries: 4KB 1024, 2MB 1024, 4MB 1024, 1GB 4
[    0.052003] Spectre V1 : Mitigation: usercopy/swapgs barriers and __user pointer sanitization
[    0.056003] Spectre V2 : Mitigation: Full generic retpoline
[    0.057848] Spectre V2 : Spectre v2 / SpectreRSB mitigation: Filling RSB on context switch
[    0.060002] Speculative Store Bypass: Vulnerable
[    0.061609] MDS: Vulnerable: Clear CPU buffers attempted, no microcode
[    0.064400] Freeing SMP alternatives memory: 36K
[    0.178183] smpboot: CPU0: Intel(R) Core(TM) i7-4702MQ CPU @ 2.20GHz (family: 0x6, model: 0x3c, stepping: 0x3)
[    0.180000] Performance Events: unsupported p6 CPU model 60 no PMU driver, software events only.
[    0.180055] Hierarchical SRCU implementation.
[    0.184366] NMI watchdog: Perf event create on CPU 0 failed with -2
[    0.186459] NMI watchdog: Perf NMI watchdog permanently disabled
[    0.188069] smp: Bringing up secondary CPUs ...
[    0.192111] x86: Booting SMP configuration:
[    0.196003] .... node  #0, CPUs:      #1
[    0.004000] kvm-clock: cpu 1, msr 1:1ff50041, secondary cpu clock
[    0.202182] smp: Brought up 1 node, 2 CPUs
[    0.202182] smpboot: Max logical packages: 1
[    0.204006] smpboot: Total of 2 processors activated (8779.67 BogoMIPS)
[    0.206453] devtmpfs: initialized
[    0.208107] x86/mm: Memory block size: 128MB
[    0.210623] evm: security.selinux
[    0.212003] evm: security.SMACK64
[    0.213237] evm: security.SMACK64EXEC
[    0.214601] evm: security.SMACK64TRANSMUTE
[    0.216003] evm: security.SMACK64MMAP
[    0.217336] evm: security.apparmor
[    0.220002] evm: security.ima
[    0.221138] evm: security.capability
[    0.222486] clocksource: jiffies: mask: 0xffffffff max_cycles: 0xffffffff, max_idle_ns: 7645041785100000 ns
[    0.224011] futex hash table entries: 512 (order: 3, 32768 bytes)
[    0.228039] pinctrl core: initialized pinctrl subsystem
[    0.230019] RTC time: 19:55:55, date: 10/08/19
[    0.231898] NET: Registered protocol family 16
[    0.232220] audit: initializing netlink subsys (disabled)
[    0.234108] audit: type=2000 audit(1570564562.353:1): state=initialized audit_enabled=0 res=1
[    0.236025] cpuidle: using governor ladder
[    0.240008] cpuidle: using governor menu
[    0.241480] ACPI: bus type PCI registered
[    0.243034] acpiphp: ACPI Hot Plug PCI Controller Driver version: 0.5
[    0.244159] PCI: Using configuration type 1 for base access
[    0.251112] HugeTLB registered 2.00 MiB page size, pre-allocated 0 pages
[    0.252155] ACPI: Added _OSI(Module Device)
[    0.253674] ACPI: Added _OSI(Processor Device)
[    0.256004] ACPI: Added _OSI(3.0 _SCP Extensions)
[    0.257632] ACPI: Added _OSI(Processor Aggregator Device)
[    0.260003] ACPI: Added _OSI(Linux-Dell-Video)
[    0.261548] ACPI: Added _OSI(Linux-Lenovo-NV-HDMI-Audio)
[    0.264003] ACPI: Added _OSI(Linux-HPI-Hybrid-Graphics)
[    0.266319] ACPI: Executed 1 blocks of module-level executable AML code
[    0.283265] ACPI: Interpreter enabled
[    0.284029] ACPI: (supports S0 S5)
[    0.285277] ACPI: Using IOAPIC for interrupt routing
[    0.288866] PCI: Using host bridge windows from ACPI; if necessary, use "pci=nocrs" and report a bug
[    0.292000] ACPI: Enabled 2 GPEs in block 00 to 07
[    0.313029] ACPI: PCI Root Bridge [PCI0] (domain 0000 [bus 00-ff])
[    0.315138] acpi PNP0A03:00: _OSC: OS supports [ASPM ClockPM Segments MSI]
[    0.317880] acpi PNP0A03:00: _OSC: not requesting OS control; OS requires [ExtendedConfig ASPM ClockPM MSI]
[    0.320049] acpi PNP0A03:00: fail to add MMCONFIG information, can't access extended PCI configuration space under this bridge.
[    0.324760] PCI host bridge to bus 0000:00
[    0.328005] pci_bus 0000:00: root bus resource [io  0x0000-0x0cf7 window]
[    0.332004] pci_bus 0000:00: root bus resource [io  0x0d00-0xffff window]
[    0.334259] pci_bus 0000:00: root bus resource [mem 0x000a0000-0x000bffff window]
[    0.336004] pci_bus 0000:00: root bus resource [mem 0xe0000000-0xfdffffff window]
[    0.340004] pci_bus 0000:00: root bus resource [bus 00-ff]
[    0.347334] pci 0000:00:01.1: legacy IDE quirk: reg 0x10: [io  0x01f0-0x01f7]
[    0.348004] pci 0000:00:01.1: legacy IDE quirk: reg 0x14: [io  0x03f6]
[    0.352004] pci 0000:00:01.1: legacy IDE quirk: reg 0x18: [io  0x0170-0x0177]
[    0.354286] pci 0000:00:01.1: legacy IDE quirk: reg 0x1c: [io  0x0376]
[    0.411000] pci 0000:00:07.0: quirk: [io  0x4000-0x403f] claimed by PIIX4 ACPI
[    0.412021] pci 0000:00:07.0: quirk: [io  0x4100-0x410f] claimed by PIIX4 SMB
[    0.451508] ACPI: PCI Interrupt Link [LNKA] (IRQs 5 9 10 *11)
[    0.453084] ACPI: PCI Interrupt Link [LNKB] (IRQs 5 9 *10 11)
[    0.456296] ACPI: PCI Interrupt Link [LNKC] (IRQs 5 *9 10 11)
[    0.458634] ACPI: PCI Interrupt Link [LNKD] (IRQs 5 9 10 *11)
[    0.460625] SCSI subsystem initialized
[    0.462065] pci 0000:00:02.0: vgaarb: setting as boot VGA device
[    0.462225] pci 0000:00:02.0: vgaarb: VGA device added: decodes=io+mem,owns=io+mem,locks=none
[    0.464013] pci 0000:00:02.0: vgaarb: bridge control possible
[    0.466069] vgaarb: loaded
[    0.467234] ACPI: bus type USB registered
[    0.468030] usbcore: registered new interface driver usbfs
[    0.470054] usbcore: registered new interface driver hub
[    0.472025] usbcore: registered new device driver usb
[    0.473915] EDAC MC: Ver: 3.0.0
[    0.476377] PCI: Using ACPI for IRQ routing
[    0.478033] NetLabel: Initializing
[    0.480003] NetLabel:  domain hash size = 128
[    0.481620] NetLabel:  protocols = UNLABELED CIPSOv4 CALIPSO
[    0.483559] NetLabel:  unlabeled traffic allowed by default
[    0.484191] clocksource: Switched to clocksource kvm-clock
[    0.536652] VFS: Disk quotas dquot_6.6.0
[    0.538082] VFS: Dquot-cache hash table entries: 512 (order 0, 4096 bytes)
[    0.540533] AppArmor: AppArmor Filesystem Enabled
[    0.542132] pnp: PnP ACPI init
[    0.545897] pnp: PnP ACPI: found 3 devices
[    0.558092] clocksource: acpi_pm: mask: 0xffffff max_cycles: 0xffffff, max_idle_ns: 2085701024 ns
[    0.560378] NET: Registered protocol family 2
[    0.563137] TCP established hash table entries: 32768 (order: 6, 262144 bytes)
[    0.566036] TCP bind hash table entries: 32768 (order: 7, 524288 bytes)
[    0.568340] TCP: Hash tables configured (established 32768 bind 32768)
[    0.570733] UDP hash table entries: 2048 (order: 4, 65536 bytes)
[    0.572812] UDP-Lite hash table entries: 2048 (order: 4, 65536 bytes)
[    0.575088] NET: Registered protocol family 1
[    0.576605] pci 0000:00:00.0: Limiting direct PCI/PCI transfers
[    0.578669] pci 0000:00:01.0: Activating ISA DMA hang workarounds
[    0.580798] pci 0000:00:02.0: Video device with shadowed ROM at [mem 0x000c0000-0x000dffff]
[    0.583851] Unpacking initramfs...
[    1.321581] Freeing initrd memory: 19144K
[    1.323146] PCI-DMA: Using software bounce buffering for IO (SWIOTLB)
[    1.325403] software IO TLB: mapped [mem 0xdbff0000-0xdfff0000] (64MB)
[    1.327700] clocksource: tsc: mask: 0xffffffffffffffff max_cycles: 0x1fa37202099, max_idle_ns: 440795206796 ns
[    1.331133] platform rtc_cmos: registered platform RTC device (no PNP device found)
[    1.334007] Scanning for low memory corruption every 60 seconds
[    1.337169] Initialise system trusted keyrings
[    1.338723] Key type blacklist registered
[    1.340268] workingset: timestamp_bits=36 max_order=20 bucket_order=0
[    1.345306] zbud: loaded
[    1.347471] squashfs: version 4.0 (2009/01/31) Phillip Lougher
[    1.349927] fuse init (API version 7.26)
[    1.361290] Key type asymmetric registered
[    1.362866] Asymmetric key parser 'x509' registered
[    1.364673] Block layer SCSI generic (bsg) driver version 0.4 loaded (major 246)
[    1.367236] io scheduler noop registered
[    1.368644] io scheduler deadline registered
[    1.370528] io scheduler cfq registered (default)
[    1.372837] ACPI: AC Adapter [AC] (on-line)
[    1.374404] input: Power Button as /devices/LNXSYSTM:00/LNXPWRBN:00/input/input0
[    1.377254] ACPI: Power Button [PWRF]
[    1.378708] input: Sleep Button as /devices/LNXSYSTM:00/LNXSLPBN:00/input/input1
[    1.381366] ACPI: Sleep Button [SLPF]
[    1.385355] ACPI: Battery Slot [BAT0] (battery present)
[    1.387170] Serial: 8250/16550 driver, 32 ports, IRQ sharing enabled
[    1.410696] 00:02: ttyS0 at I/O 0x3f8 (irq = 4, base_baud = 115200) is a 16550A
[    1.418825] Linux agpgart interface v0.103
[    1.423054] loop: module loaded
[    1.431311] scsi host0: ata_piix
[    1.432822] scsi host1: ata_piix
[    1.434154] ata1: PATA max UDMA/33 cmd 0x1f0 ctl 0x3f6 bmdma 0xd000 irq 14
[    1.436398] ata2: PATA max UDMA/33 cmd 0x170 ctl 0x376 bmdma 0xd008 irq 15
[    1.439347] libphy: Fixed MDIO Bus: probed
[    1.440905] tun: Universal TUN/TAP device driver, 1.6
[    1.442793] PPP generic driver version 2.4.2
[    1.444515] ehci_hcd: USB 2.0 'Enhanced' Host Controller (EHCI) Driver
[    1.446642] ehci-pci: EHCI PCI platform driver
[    1.448164] ehci-platform: EHCI generic platform driver
[    1.450038] ohci_hcd: USB 1.1 'Open' Host Controller (OHCI) Driver
[    1.452070] ohci-pci: OHCI PCI platform driver
[    1.453718] ohci-platform: OHCI generic platform driver
[    1.455546] uhci_hcd: USB Universal Host Controller Interface driver
[    1.457782] i8042: PNP: PS/2 Controller [PNP0303:PS2K,PNP0f03:PS2M] at 0x60,0x64 irq 1,12
[    1.461507] serio: i8042 KBD port at 0x60,0x64 irq 1
[    1.463325] serio: i8042 AUX port at 0x60,0x64 irq 12
[    1.465405] mousedev: PS/2 mouse device common for all mice
[    1.468408] input: AT Translated Set 2 keyboard as /devices/platform/i8042/serio0/input/input2
[    1.471602] rtc_cmos rtc_cmos: rtc core: registered rtc_cmos as rtc0
[    1.474164] rtc_cmos rtc_cmos: alarms up to one day, 114 bytes nvram
[    1.476336] i2c /dev entries driver
[    1.477850] device-mapper: uevent: version 1.0.3
[    1.479664] device-mapper: ioctl: 4.37.0-ioctl (2017-09-20) initialised: dm-devel@redhat.com
[    1.482728] ledtrig-cpu: registered to indicate activity on CPUs
[    1.485779] NET: Registered protocol family 10
[    1.492223] Segment Routing with IPv6
[    1.493691] NET: Registered protocol family 17
[    1.495417] Key type dns_resolver registered
[    1.497390] mce: Using 0 MCE banks
[    1.498694] RAS: Correctable Errors collector initialized.
[    1.500585] sched_clock: Marking stable (1500561111, 0)->(2154481020, -653919909)
[    1.503959] registered taskstats version 1
[    1.505494] Loading compiled-in X.509 certificates
[    1.509710] Loaded X.509 cert 'Build time autogenerated kernel key: 3a65b6a3c8b5d6b297d77c25be9161529933bc49'
[    1.513040] zswap: loaded using pool lzo/zbud
[    1.518941] Key type big_key registered
[    1.520529] Key type trusted registered
[    1.524586] Key type encrypted registered
[    1.526072] AppArmor: AppArmor sha1 policy hashing enabled
[    1.527886] ima: No TPM chip found, activating TPM-bypass! (rc=-19)
[    1.530079] ima: Allocated hash algorithm: sha1
[    1.531754] evm: HMAC attrs: 0x1
[    1.533474]   Magic number: 7:532:950
[    1.534794] tty tty7: hash matches
[    1.536108] memory memory3: hash matches
[    1.537709] rtc_cmos rtc_cmos: setting system clock to 2019-10-08 19:55:56 UTC (1570564556)
[    1.540775] BIOS EDD facility v0.16 2004-Jun-25, 0 devices found
[    1.542798] EDD information not available.
[    1.621934] Freeing unused kernel image memory: 2436K
[    1.635190] Write protecting the kernel read-only data: 20480k
[    1.640883] Freeing unused kernel image memory: 2008K
[    1.644524] Freeing unused kernel image memory: 1888K
[    1.682735] x86/mm: Checked W+X mappings: passed, no W+X pages found.
[    1.684844] x86/mm: Checking user space page tables
[    1.723208] x86/mm: Checked W+X mappings: passed, no W+X pages found.
Loading, please wait...
starting version 237
[    1.896204] e1000: Intel(R) PRO/1000 Network Driver - version 7.3.21-k8-NAPI
[    1.898773] e1000: Copyright (c) 1999-2006 Intel Corporation.
[    1.940200] AVX2 version of gcm_enc/dec engaged.
[    1.941897] AES CTR mode by8 optimization enabled
[    1.945339] Fusion MPT base driver 3.04.20
[    1.946915] Copyright (c) 1999-2008 LSI Corporation
[    1.960820] Fusion MPT SPI Host driver 3.04.20
[    2.114835] input: ImExPS/2 Generic Explorer Mouse as /devices/platform/i8042/serio1/input/input4
[    2.432545] e1000 0000:00:03.0 eth0: (PCI:33MHz:32-bit) 02:82:7a:7b:51:94
[    2.435643] e1000 0000:00:03.0 eth0: Intel(R) PRO/1000 Network Connection
[    2.441908] mptbase: ioc0: Initiating bringup
[    2.538906] ioc0: LSI53C1030 A0: Capabilities={Initiator}
[    2.799559] scsi host2: ioc0: LSI53C1030 A0, FwRev=00000000h, Ports=1, MaxQ=256, IRQ=20
[    2.978536] scsi 2:0:0:0: Direct-Access     VBOX     HARDDISK         1.0  PQ: 0 ANSI: 5
[    3.020185] scsi target2:0:0: Beginning Domain Validation
[    3.035814] scsi target2:0:0: Domain Validation skipping write tests
[    3.044714] scsi target2:0:0: Ending Domain Validation
[    3.052504] scsi target2:0:0: asynchronous
[    3.055733] scsi 2:0:1:0: Direct-Access     VBOX     HARDDISK         1.0  PQ: 0 ANSI: 5
[    3.420794] scsi target2:0:1: Beginning Domain Validation
[    3.424053] random: fast init done
[    3.426909] scsi target2:0:1: Domain Validation skipping write tests
[    3.429216] scsi target2:0:1: Ending Domain Validation
[    3.431059] scsi target2:0:1: asynchronous
[    3.440817] random: systemd-udevd: uninitialized urandom read (16 bytes read)
[    3.441019] sd 2:0:0:0: Attached scsi generic sg0 type 0
[    3.460449] sd 2:0:0:0: [sda] 20971520 512-byte logical blocks: (10.7 GB/10.0 GiB)
[    3.463838] random: systemd-udevd: uninitialized urandom read (16 bytes read)
[    3.470349] sd 2:0:1:0: Attached scsi generic sg1 type 0
[    3.477160] sd 2:0:0:0: [sda] Write Protect is off
[    3.480242] sd 2:0:1:0: [sdb] 20480 512-byte logical blocks: (10.5 MB/10.0 MiB)
[    3.482981] sd 2:0:0:0: [sda] Incomplete mode parameter data
[    3.485127] sd 2:0:0:0: [sda] Assuming drive cache: write through
[    3.487355] sd 2:0:1:0: [sdb] Write Protect is off
[    3.488915] e1000 0000:00:08.0 eth1: (PCI:33MHz:32-bit) 08:00:27:8e:b2:af
[    3.491494] e1000 0000:00:08.0 eth1: Intel(R) PRO/1000 Network Connection
[    3.493889] random: systemd-udevd: uninitialized urandom read (16 bytes read)
[    3.496957] sd 2:0:1:0: [sdb] Incomplete mode parameter data
[    3.498240] e1000 0000:00:03.0 enp0s3: renamed from eth0
[    3.498950] sd 2:0:1:0: [sdb] Assuming drive cache: write through
[    3.504512]  sda: sda1
[    3.506961] sd 2:0:0:0: [sda] Attached SCSI disk
[    3.509726] sd 2:0:1:0: [sdb] Attached SCSI disk
[    3.524141] e1000 0000:00:08.0 enp0s8: renamed from eth1
Begin: Loading essential drivers ... [    5.784244] raid6: sse2x1   gen()  2621 MB/s
[    5.832255] raid6: sse2x1   xor()  1703 MB/s
[    5.880089] raid6: sse2x2   gen()  6121 MB/s
[    5.928451] raid6: sse2x2   xor()  2767 MB/s
[    5.976290] raid6: sse2x4   gen()  6668 MB/s
[    6.024112] raid6: sse2x4   xor()  3846 MB/s
[    6.072467] raid6: avx2x1   gen()  5333 MB/s
[    6.120269] raid6: avx2x1   xor()  2941 MB/s
[    6.168105] raid6: avx2x2   gen() 10140 MB/s
[    6.216443] raid6: avx2x2   xor()  5342 MB/s
[    6.264284] raid6: avx2x4   gen() 13607 MB/s
[    6.312124] raid6: avx2x4   xor()  7389 MB/s
[    6.313682] raid6: using algorithm avx2x4 gen() 13607 MB/s
[    6.315563] raid6: .... xor() 7389 MB/s, rmw enabled
[    6.317340] raid6: using avx2x2 recovery algorithm
[    6.321139] xor: automatically using best checksumming function   avx       
[    6.325399] async_tx: api initialized (async)
done.
Begin: Running /scripts/init-premount ... done.
Begin: Mounting root file system ... Begin: Running /scripts/local-top ... done.
Begin: Running /scripts/local-premount ... [    6.426684] Btrfs loaded, crc32c=crc32c-intel
Scanning for Btrfs filesystems
done.
Warning: fsck not present, so skipping root file system
[    6.473988] EXT4-fs (sda1): mounted filesystem with ordered data mode. Opts: (null)
done.
Begin: Running /scripts/local-bottom ... done.
Begin: Running /scripts/init-bottom ... done.
[    6.813143] ip_tables: (C) 2000-2006 Netfilter Core Team
[    6.830982] systemd[1]: systemd 237 running in system mode. (+PAM +AUDIT +SELINUX +IMA +APPARMOR +SMACK +SYSVINIT +UTMP +LIBCRYPTSETUP +GCRYPT +GNUTLS +ACL +XZ +LZ4 +SECCOMP +BLKID +ELFUTILS +KMOD -IDN2 +IDN -PCRE2 default-hierarchy=hybrid)
[    6.838510] systemd[1]: Detected virtualization oracle.
[    6.840403] systemd[1]: Detected architecture x86-64.

Welcome to [1mUbuntu 18.04.3 LTS[0m!

[    6.850500] systemd[1]: Set hostname to <ubuntu>.
[    6.862217] systemd[1]: Initializing machine ID from random generator.
[    6.864863] systemd[1]: Installed transient /etc/machine-id file.
[    7.311562] systemd[1]: Created slice User and Session Slice.
[[0;32m  OK  [0m] Created slice User and Session Slice.
[    7.315352] systemd[1]: Created slice System Slice.
[[0;32m  OK  [0m] Created slice System Slice.
[    7.317982] systemd[1]: Started Forward Password Requests to Wall Directory Watch.
[[0;32m  OK  [0m] Started Forward Password Requests to Wall Directory Watch.
[    7.322266] systemd[1]: Set up automount Arbitrary Executable File Formats File System Automount Point.
[[0;32m  OK  [0m] Set up automount Arbitrary Executab…rmats File System Automount Point.
[[0;32m  OK  [0m] Listening on LVM2 metadata daemon socket.
[[0;32m  OK  [0m] Listening on LVM2 poll daemon socket.
[[0;32m  OK  [0m] Reached target Slices.
[[0;32m  OK  [0m] Listening on udev Kernel Socket.
[[0;32m  OK  [0m] Created slice system-serial\x2dgetty.slice.
[[0;32m  OK  [0m] Listening on Network Service Netlink Socket.
[[0;32m  OK  [0m] Listening on Journal Socket (/dev/log).
[[0;32m  OK  [0m] Reached target Swap.
[[0;32m  OK  [0m] Listening on Device-mapper event daemon FIFOs.
[[0;32m  OK  [0m] Reached target System Time Synchronized.
[[0;32m  OK  [0m] Listening on Journal Audit Socket.
[[0;32m  OK  [0m] Listening on Syslog Socket.
[[0;32m  OK  [0m] Listening on udev Control Socket.
[[0;32m  OK  [0m] Listening on Journal Socket.
         Starting udev Coldplug all Devices...
         Mounting POSIX Message Queue File System...
         Starting Monitoring of LVM2 mirrors…ng dmeventd or progress polling...
         Starting Remount Root and Kernel File Systems...
         Starting Journal Service...
         Starting Uncomplicated firewall...
         Mounting Kernel Debug File System...
         Starting Set the console keyboard layout...
         Mounting Huge Pages File System...
         Starting Create list of required st…ce nodes for the current kernel...
[[0;32m  OK  [0m] Listening on /dev/initctl Compatibility Named Pipe.
         Starting Load Kernel Modules...
[[0;32m  OK  [0m] Reached target User and Group Name Lookups.
[[0;32m  OK  [0m] Mounted POSIX Message Queue File System.
[[0;32m  OK  [0m] Mounted Kernel Debug File System.
[[0;32m  OK  [0m] Mounted Huge Pages File System.
[[0;32m  OK  [0m] Started LVM2 metadata daemon.
[[0;32m  OK  [0m] Started Create list of required sta…vice nodes for the current kernel.
         Starting Create Static Device Nodes in /dev...
[[0;32m  OK  [0m] Started Uncomplicated firewall.
[    7.508297] EXT4-fs (sda1): re-mounted. Opts: (null)
[[0;32m  OK  [0m] Started Remount Root and Kernel File Systems.
[    7.570282] Loading iSCSI transport class v2.0-870.
[    7.581535] iscsi: registered transport (tcp)
         Starting Load/Save Random Seed...
[[0;32m  OK  [0m] Started Monitoring of LVM2 mirrors,…sing dmeventd or progress polling.
[[0;32m  OK  [0m] Started udev Coldplug all Devices.
[[0;32m  OK  [0m] Started Create Static Device Nodes in /dev.
         Starting udev Kernel Device Manager...
[[0;32m  OK  [0m] Started Load/Save Random Seed.
[[0;32m  OK  [0m] Started Journal Service.
         Starting Flush Journal to Persistent Storage...
[    7.701499] iscsi: registered transport (iser)
[[0;32m  OK  [0m] Started Load Kernel Modules.
         Mounting Kernel Configuration File System...
         Starting Apply Kernel Variables...
         Mounting FUSE Control File System...
[[0;32m  OK  [0m] Mounted Kernel Configuration File System.
[[0;32m  OK  [0m] Mounted FUSE Control File System.
[[0;32m  OK  [0m] Started udev Kernel Device Manager.
[[0;32m  OK  [0m] Started Apply Kernel Variables.
[[0;32m  OK  [0m] Started Flush Journal to Persistent Storage.
[[0;32m  OK  [0m] Started Set the console keyboard layout.
[[0;32m  OK  [0m] Reached target Local File Systems (Pre).
[[0;32m  OK  [0m] Reached target Local File Systems.
         Starting Create Volatile Files and Directories...
         Starting Set console font and keymap...
         Starting Commit a transient machine-id on disk...
         Starting AppArmor initialization...
         Starting ebtables ruleset management...
         Starting Tell Plymouth To Write Out Runtime Data...
[[0;32m  OK  [0m] Started Dispatch Password Requests to Console Directory Watch.
[[0;32m  OK  [0m] Reached target Local Encrypted Volumes.
[[0;32m  OK  [0m] Started Create Volatile Files and Directories.
         Starting Update UTMP about System Boot/Shutdown...
[[0;32m  OK  [0m] Found device /dev/ttyS0.
[[0;32m  OK  [0m] Started Update UTMP about System Boot/Shutdown.
[[0;32m  OK  [0m] Started Set console font and keymap.
[[0;32m  OK  [0m] Started Tell Plymouth To Write Out Runtime Data.
[[0;32m  OK  [0m] Started Commit a transient machine-id on disk.
[[0;32m  OK  [0m] Started ebtables ruleset management.
[[0;32m  OK  [0m] Listening on Load/Save RF Kill Switch Status /dev/rfkill Watch.
[[0;32m  OK  [0m] Started AppArmor initialization.
         Starting Initial cloud-init job (pre-networking)...
[   13.050466] cloud-init[538]: Cloud-init v. 19.2-36-g059d049c-0ubuntu1~18.04.1 running 'init-local' at Tue, 08 Oct 2019 19:56:07 +0000. Up 12.33 seconds.
[[0;32m  OK  [0m] Started Initial cloud-init job (pre-networking).
[[0;32m  OK  [0m] Reached target Network (Pre).
         Starting Network Service...
[[0;32m  OK  [0m] Started Network Service.
         Starting Wait for Network to be Configured...
         Starting Network Name Resolution...
[[0;32m  OK  [0m] Started Network Name Resolution.
[[0;32m  OK  [0m] Reached target Host and Network Name Lookups.
[[0;32m  OK  [0m] Reached target Network.
[[0;32m  OK  [0m] Started Wait for Network to be Configured.
         Starting Initial cloud-init job (metadata service crawler)...
[   16.355051] cloud-init[654]: Cloud-init v. 19.2-36-g059d049c-0ubuntu1~18.04.1 running 'init' at Tue, 08 Oct 2019 19:56:10 +0000. Up 16.02 seconds.
[   16.358395] cloud-init[654]: ci-info: ++++++++++++++++++++++++++++++++++++++Net device info+++++++++++++++++++++++++++++++++++++++
[   16.360463] cloud-init[654]: ci-info: +--------+-------+----------------------------+---------------+--------+-------------------+
[   16.362336] cloud-init[654]: ci-info: | Device |   Up  |          Address           |      Mask     | Scope  |     Hw-Address    |
[   16.364151] cloud-init[654]: ci-info: +--------+-------+----------------------------+---------------+--------+-------------------+
[   16.365953] cloud-init[654]: ci-info: | enp0s3 |  True |         10.0.2.15          | 255.255.255.0 | global | 02:82:7a:7b:51:94 |
[   16.367856] cloud-init[654]: ci-info: | enp0s3 |  True | fe80::82:7aff:fe7b:5194/64 |       .       |  link  | 02:82:7a:7b:51:94 |
[   16.369814] cloud-init[654]: ci-info: | enp0s8 | False |             .              |       .       |   .    | 08:00:27:8e:b2:af |
[   16.371914] cloud-init[654]: ci-info: |   lo   |  True |         127.0.0.1          |   255.0.0.0   |  host  |         .         |
[   16.373799] cloud-init[654]: ci-info: |   lo   |  True |          ::1/128           |       .       |  host  |         .         |
[   16.375619] cloud-init[654]: ci-info: +--------+-------+----------------------------+---------------+--------+-------------------+
[   16.377455] cloud-init[654]: ci-info: ++++++++++++++++++++++++++++Route IPv4 info+++++++++++++++++++++++++++++
[   16.388452] cloud-init[654]: ci-info: +-------+-------------+----------+-----------------+-----------+-------+
[   16.390598] cloud-init[654]: ci-info: | Route | Destination | Gateway  |     Genmask     | Interface | Flags |
[   16.392687] cloud-init[654]: ci-info: +-------+-------------+----------+-----------------+-----------+-------+
[   16.394481] cloud-init[654]: ci-info: |   0   |   0.0.0.0   | 10.0.2.2 |     0.0.0.0     |   enp0s3  |   UG  |
[   16.396233] cloud-init[654]: ci-info: |   1   |   10.0.2.0  | 0.0.0.0  |  255.255.255.0  |   enp0s3  |   U   |
[   16.397947] cloud-init[654]: ci-info: |   2   |   10.0.2.2  | 0.0.0.0  | 255.255.255.255 |   enp0s3  |   UH  |
[   16.399714] cloud-init[654]: ci-info: +-------+-------------+----------+-----------------+-----------+-------+
[   16.401816] cloud-init[654]: ci-info: +++++++++++++++++++Route IPv6 info+++++++++++++++++++
[   16.405350] cloud-init[654]: ci-info: +-------+-------------+---------+-----------+-------+
[   16.406852] cloud-init[654]: ci-info: | Route | Destination | Gateway | Interface | Flags |
[   16.408378] cloud-init[654]: ci-info: +-------+-------------+---------+-----------+-------+
[   16.409948] cloud-init[654]: ci-info: |   1   |  fe80::/64  |    ::   |   enp0s3  |   U   |
[   16.411386] cloud-init[654]: ci-info: |   3   |    local    |    ::   |   enp0s3  |   U   |
[   16.412954] cloud-init[654]: ci-info: |   4   |   ff00::/8  |    ::   |   enp0s3  |   U   |
[   16.414474] cloud-init[654]: ci-info: +-------+-------------+---------+-----------+-------+
[   17.377534] cloud-init[654]: Generating public/private rsa key pair.
[   17.379518] cloud-init[654]: Your identification has been saved in /etc/ssh/ssh_host_rsa_key.
[   17.381965] cloud-init[654]: Your public key has been saved in /etc/ssh/ssh_host_rsa_key.pub.
[   17.384545] cloud-init[654]: The key fingerprint is:
[   17.386275] cloud-init[654]: SHA256:Jdj6NozFXvb1Xfk615YpfDMj7OorieKOhtjFmHszIB4 root@ubuntu-bionic
[   17.389014] cloud-init[654]: The key's randomart image is:
[   17.390861] cloud-init[654]: +---[RSA 2048]----+
[   17.392588] cloud-init[654]: |                 |
[   17.394340] cloud-init[654]: |       o         |
[   17.395985] cloud-init[654]: |      . o .      |
[   17.397589] cloud-init[654]: |       o o      .|
[   17.399101] cloud-init[654]: |   +  . S o   ...|
[   17.400499] cloud-init[654]: |.E+ o  * o . . .+|
[   17.402067] cloud-init[654]: |ooo+  . B . +   B|
[   17.408608] cloud-init[654]: |.oo.=. o +   =.O+|
[   17.410141] cloud-init[654]: |  .oo=.   o++.=++|
[   17.411455] cloud-init[654]: +----[SHA256]-----+
[   17.412926] cloud-init[654]: Generating public/private dsa key pair.
[   17.414816] cloud-init[654]: Your identification has been saved in /etc/ssh/ssh_host_dsa_key.
[   17.417287] cloud-init[654]: Your public key has been saved in /etc/ssh/ssh_host_dsa_key.pub.
[   17.419558] cloud-init[654]: The key fingerprint is:
[   17.421107] cloud-init[654]: SHA256:JSZWbHdXUv1eyvCU3M/r4HiSfSVkFk6u6+hnzbPZZeI root@ubuntu-bionic
[   17.423199] cloud-init[654]: The key's randomart image is:
[   17.424774] cloud-init[654]: +---[DSA 1024]----+
[   17.426573] cloud-init[654]: |       ..     .o+|
[   17.427889] cloud-init[654]: |       .o . . +..|
[   17.429133] cloud-init[654]: |      o.o... * +.|
[   17.430692] cloud-init[654]: |     . o o  . X +|
[   17.431989] cloud-init[654]: |        S    X +o|
[   17.433530] cloud-init[654]: |            . = =|
[   17.435046] cloud-init[654]: |            o=..=|
[   17.436031] cloud-init[654]: |           +*+=B.|
[   17.437140] cloud-init[654]: |         .o=+.E+.|
[   17.438406] cloud-init[654]: +----[SHA256]-----+
[   17.449112] cloud-init[654]: Generating public/private ecdsa key pair.
[   17.450571] cloud-init[654]: Your identification has been saved in /etc/ssh/ssh_host_ecdsa_key.
[   17.452558] cloud-init[654]: Your public key has been saved in /etc/ssh/ssh_host_ecdsa_key.pub.
[   17.454286] cloud-init[654]: The key fingerprint is:
[   17.455408] cloud-init[654]: SHA256:Xqxfs8+qRY/m9NgzS8JgEw3VXAWa4bY/Ds89A5XJCF0 root@ubuntu-bionic
[   17.457263] cloud-init[654]: The key's randomart image is:
[   17.458687] cloud-init[654]: +---[ECDSA 256]---+
[   17.459929] cloud-init[654]: |          ..+ooE+|
[   17.461223] cloud-init[654]: |           = =o  |
[   17.462759] cloud-init[654]: |          . B o o|
[   17.463988] cloud-init[654]: |         . o o = |
[   17.465272] cloud-init[654]: |        S * o .  |
[   17.466333] cloud-init[654]: |       . + = =   |
[   17.467460] cloud-init[654]: |        o   @ *  |
[   17.468632] cloud-init[654]: |         . * #o= |
[   17.469792] cloud-init[654]: |          o.=oX++|
[   17.470977] cloud-init[654]: +----[SHA256]-----+
[   17.472429] cloud-init[654]: Generating public/private ed25519 key pair.[[0;32m  OK  [0m] Started Initial cloud-init job (metadata service crawler).
[[0;32m  OK  [0m] Reached target Cloud-config availability.
[[0;32m  OK  [0m] Reached target System Initialization.
[[0;32m  OK  [0m] Listening on ACPID Listen Socket.
[[0;32m  OK  [0m] Started Discard unused blocks once a week.

[   17.480925] cloud-init[654]: Your identification has been saved in /etc/ssh/ssh_host_ed25519_key.
[   17.482601] cloud-init[654]: Your public key has been saved in /etc/ssh/ssh_host_ed25519_key.pub.
[[   17.484350] cloud-init[654]: The key fingerprint is:
[   17.484471] cloud-init[654]: SHA256:eD9kh/YPINdNxjcLn/MsyDmiRM9k/AFz8qcCGNiEqmA root@ubuntu-bionic
[   17.485350] cloud-init[654]: The key's randomart image is:
[   17.486314] cloud-init[654]: +--[ED25519 256]--+
[   17.487708] cloud-init[654]: |     ..          |
[   17.489473] cloud-init[654]: |    .+       .   |
[   17.490310] cloud-init[654]: |   .. o   + ..+..|
[   17.492004] cloud-init[654]: |.E.    + . O +o.+|
[   17.492550] cloud-init[654]: |o.    o S @ = o= |
[   17.494177] cloud-init[654]: |.      o & * * .o|
[   17.494719] cloud-init[654]: |        . B X . o|
[   17.496545] cloud-init[654]: |       . . + + . |
[   17.497065] cloud-init[654]: |        .     .  |
[   17.498594] cloud-init[654]: +----[SHA256]-----+
[0;32m  OK  [0m] Started ACPI Events Check.
[[0;32m  OK  [0m] Started Daily Cleanup of Temporary Directories.
[[0;32m  OK  [0m] Listening on Open-iSCSI iscsid Socket.
[[0;32m  OK  [0m] Started Daily apt download activities.
         Starting LXD - unix socket.
[[0;32m  OK  [0m] Reached target Paths.
[[0;32m  OK  [0m] Listening on D-Bus System Message Bus Socket.
[[0;32m  OK  [0m] Listening on UUID daemon activation socket.
[[0;32m  OK  [0m] Started Message of the Day.
         Starting Socket activation for snappy daemon.
[[0;32m  OK  [0m] Started Daily apt upgrade and clean activities.
[[0;32m  OK  [0m] Reached target Timers.
[[0;32m  OK  [0m] Reached target Network is Online.
[[0;32m  OK  [0m] Reached target Remote File Systems (Pre).
[[0;32m  OK  [0m] Reached target Remote File Systems.
         Starting Availability of block devices...
[[0;32m  OK  [0m] Listening on LXD - unix socket.
[[0;32m  OK  [0m] Listening on Socket activation for snappy daemon.
[[0;32m  OK  [0m] Reached target Sockets.
[[0;32m  OK  [0m] Reached target Basic System.
[[0;32m  OK  [0m] Started irqbalance daemon.
         Starting Login Service...
         Starting Accounts Service...
[[0;32m  OK  [0m] Started Regular background program processing daemon.
         Starting System Logging Service...
         Starting Virtualbox guest utils...
         Starting Permit User Sessions...
         Starting Dispatcher daemon for systemd-networkd...
         Starting Snappy daemon...
[[0;32m  OK  [0m] Started FUSE filesystem for LXC.
[[0;32m  OK  [0m] Started D-Bus System Message Bus.
[[0;32m  OK  [0m] Started Login Service.
[[0;32m  OK  [0m] Started Unattended Upgrades Shutdown.
         Starting LSB: Record successful boot for GRUB...
[[0;32m  OK  [0m] Started Deferred execution scheduler.
         Starting Pollinate to seed the pseudo random number generator...
         Starting LSB: automatic crash report generation...
         Starting LXD - container startup/shutdown...
[[0;32m  OK  [0m] Started System Logging Service.
[[0;32m  OK  [0m] Started Availability of block devices.
[[0;32m  OK  [0m] Started Permit User Sessions.
         Starting Hold until boot process finishes up...
         Starting Terminate Plymouth Boot Screen...
[[0;32m  OK  [0m] Started Hold until boot process finishes up.
[[0;32m  OK  [0m] Started Serial Getty on ttyS0.
         Starting Set console scheme...
[[0;32m  OK  [0m] Started Terminate Plymouth Boot Screen.
[[0;32m  OK  [0m] Started Set console scheme.
[[0;32m  OK  [0m] Created slice system-getty.slice.
[[0;32m  OK  [0m] Started Getty on tty1.
[[0;32m  OK  [0m] Reached target Login Prompts.
         Starting Authorization Manager...
[[0;32m  OK  [0m] Started LSB: Record successful boot for GRUB.
[[0;32m  OK  [0m] Started Authorization Manager.
[[0;32m  OK  [0m] Started Accounts Service.
[[0;32m  OK  [0m] Started LSB: automatic crash report generation.
[[0;32m  OK  [0m] Started Virtualbox guest utils.
[[0;32m  OK  [0m] Started LXD - container startup/shutdown.
[[0;32m  OK  [0m] Started Dispatcher daemon for systemd-networkd.
[[0;32m  OK  [0m] Started Snappy daemon.
         Starting Wait until snapd is fully seeded...
[[0;32m  OK  [0m] Started Pollinate to seed the pseudo random number generator.
         Starting OpenBSD Secure Shell server...
[[0;32m  OK  [0m] Started OpenBSD Secure Shell server.
[[0;32m  OK  [0m] Created slice User Slice of vagrant.
         Starting User Manager for UID 1000...
[[0;32m  OK  [0m] Started Session 1 of user vagrant.
[[0;32m  OK  [0m] Started User Manager for UID 1000.
[[0;32m  OK  [0m] Started Wait until snapd is fully seeded.
         Starting Apply the settings specified in cloud-config...
[[0;32m  OK  [0m] Reached target Multi-User System.
[[0;32m  OK  [0m] Reached target Graphical Interface.
         Starting Update UTMP about System Runlevel Changes...
[[0;32m  OK  [0m] Started Update UTMP about System Runlevel Changes.
[   24.032085] cloud-init[1138]: Cloud-init v. 19.2-36-g059d049c-0ubuntu1~18.04.1 running 'modules:config' at Tue, 08 Oct 2019 19:56:17 +0000. Up 22.46 seconds.

Ubuntu 18.04.3 LTS ubuntu-bionic ttyS0

ubuntu-bionic login: ci-info: no authorized ssh keys fingerprints found for user ubuntu.
<14>Oct  8 19:56:20 ec2: 
<14>Oct  8 19:56:20 ec2: #############################################################
<14>Oct  8 19:56:20 ec2: -----BEGIN SSH HOST KEY FINGERPRINTS-----
<14>Oct  8 19:56:20 ec2: 1024 SHA256:JSZWbHdXUv1eyvCU3M/r4HiSfSVkFk6u6+hnzbPZZeI root@ubuntu-bionic (DSA)
<14>Oct  8 19:56:20 ec2: 256 SHA256:Xqxfs8+qRY/m9NgzS8JgEw3VXAWa4bY/Ds89A5XJCF0 root@ubuntu-bionic (ECDSA)
<14>Oct  8 19:56:20 ec2: 256 SHA256:eD9kh/YPINdNxjcLn/MsyDmiRM9k/AFz8qcCGNiEqmA root@ubuntu-bionic (ED25519)
<14>Oct  8 19:56:20 ec2: 2048 SHA256:Jdj6NozFXvb1Xfk615YpfDMj7OorieKOhtjFmHszIB4 root@ubuntu-bionic (RSA)
<14>Oct  8 19:56:20 ec2: -----END SSH HOST KEY FINGERPRINTS-----
<14>Oct  8 19:56:20 ec2: #############################################################
-----BEGIN SSH HOST KEY KEYS-----
ecdsa-sha2-nistp256 AAAAE2VjZHNhLXNoYTItbmlzdHAyNTYAAAAIbmlzdHAyNTYAAABBBNjb3uuuLLcpelDvuYxwooCWYxDqu+dWf+ZJDTJcrUeRaN0SCLiN7gyayVzYcHwxymYkcFCprjaekhKAV/Lh89k= root@ubuntu-bionic
ssh-ed25519 AAAAC3NzaC1lZDI1NTE5AAAAIBcwArhatrTanlb3mhmar+itkj/zWRgLZs9GbGeIno6B root@ubuntu-bionic
ssh-rsa AAAAB3NzaC1yc2EAAAADAQABAAABAQDYQsy5HQpBYQ3JWsAbGoWOU2kJBZDkUReJPPL0mCXonI+f5Y2jqEyzVJsg3oIuxWXHywNzgBDeGnhVMsojpoHRAG5WAtXmJ2FLfxDssAJRVwERddHnpuNiMm9NU1PJgB+QMmJ2wK3T/SBVJmC1iVawNVzt7pVha4PfHEjzhxR2seySEF3R2PRnSNdRue4ruNDRE9bxqPssEvzoRLx92foUvCBFRzBLOOkFfRNk6yZeAKEK+9Y+svGR/KNwrHzB9Nm+6wx6m2D4KPsoEesnLwTos0vnLQruhkR+fXZOg+uDQTSxlM+bFNhlwKT70ZGM4wTkDaIQnPv1LPkDskHkXfRL root@ubuntu-bionic
-----END SSH HOST KEY KEYS-----
[   25.308032] cloud-init[1281]: Cloud-init v. 19.2-36-g059d049c-0ubuntu1~18.04.1 running 'modules:final' at Tue, 08 Oct 2019 19:56:19 +0000. Up 24.99 seconds.
[   25.310430] cloud-init[1281]: ci-info: no authorized ssh keys fingerprints found for user ubuntu.
[   25.312865] cloud-init[1281]: Cloud-init v. 19.2-36-g059d049c-0ubuntu1~18.04.1 finished at Tue, 08 Oct 2019 19:56:20 +0000. Datasource DataSourceNoCloud [seed=/dev/sdb][dsmode=net].  Up 25.29 seconds
         Stopping Availability of block devices...
         Stopping User Manager for UID 1000...
[[0;32m  OK  [0m] Stopped target Host and Network Name Lookups.
[[0;32m  OK  [0m] Closed Load/Save RF Kill Switch Status /dev/rfkill Watch.
[[0;32m  OK  [0m] Stopped target Timers.
[[0;32m  OK  [0m] Stopped Message of the Day.
[[0;32m  OK  [0m] Stopped Daily apt upgrade and clean activities.
[[0;32m  OK  [0m] Stopped Daily apt download activities.
[[0;32m  OK  [0m] Stopped target Graphical Interface.
         Stopping Accounts Service...
[[0;32m  OK  [0m] Stopped target Cloud-init target.
[[0;32m  OK  [0m] Stopped Execute cloud user/final scripts.
[[0;32m  OK  [0m] Stopped target Multi-User System.
         Stopping Regular background program processing daemon...
         Stopping Dispatcher daemon for systemd-networkd...
         Stopping LSB: automatic crash report generation...
         Stopping LSB: Record successful boot for GRUB...
         Stopping System Logging Service...
         Stopping FUSE filesystem for LXC...
         Stopping LXD - container startup/shutdown...
         Stopping OpenBSD Secure Shell server...
[[0;32m  OK  [0m] Stopped Apply the settings specified in cloud-config.
[[0;32m  OK  [0m] Stopped Wait until snapd is fully seeded.
         Stopping Session 7 of user vagrant.
[[0;32m  OK  [0m] Stopped Discard unused blocks once a week.
[[0;32m  OK  [0m] Stopped target System Time Synchronized.
         Stopping Virtualbox guest utils...
         Stopping D-Bus System Message Bus...
         Stopping irqbalance daemon...
         Stopping Authorization Manager...
[[0;32m  OK  [0m] Stopped Daily Cleanup of Temporary Directories.
         Stopping Unattended Upgrades Shutdown...
         Stopping Deferred execution scheduler...
         Stopping Docker Application Container Engine...
[[0;32m  OK  [0m] Stopped target Cloud-config availability.
[[0;32m  OK  [0m] Stopped target Login Prompts.
         Stopping Getty on tty1...
         Stopping Serial Getty on ttyS0...
[[0;32m  OK  [0m] Unmounted /var/lib/lxcfs.
[[0;32m  OK  [0m] Stopped irqbalance daemon.
[[0;32m  OK  [0m] Stopped Accounts Service.
[[0;32m  OK  [0m] Stopped Regular background program processing daemon.
[[0;32m  OK  [0m] Stopped System Logging Service.
[[0;32m  OK  [0m] Stopped Dispatcher daemon for systemd-networkd.
[[0;32m  OK  [0m] Stopped Deferred execution scheduler.
[[0;32m  OK  [0m] Stopped Serial Getty on ttyS0.
[[0;32m  OK  [0m] Stopped Getty on tty1.
[[0;32m  OK  [0m] Stopped Unattended Upgrades Shutdown.
[[0;32m  OK  [0m] Stopped Authorization Manager.
[[0;32m  OK  [0m] Stopped OpenBSD Secure Shell server.
[[0;32m  OK  [0m] Stopped User Manager for UID 1000.
[[0;32m  OK  [0m] Stopped Availability of block devices.
[[0;32m  OK  [0m] Stopped D-Bus System Message Bus.
[[0;32m  OK  [0m] Stopped FUSE filesystem for LXC.
[[0;32m  OK  [0m] Stopped Session 7 of user vagrant.
[[0;32m  OK  [0m] Removed slice User Slice of vagrant.
         Stopping Login Service...
[[0;32m  OK  [0m] Removed slice system-getty.slice.
[[0;32m  OK  [0m] Removed slice system-serial\x2dgetty.slice.
         Stopping Permit User Sessions...
[[0;32m  OK  [0m] Stopped LXD - container startup/shutdown.
[[0;32m  OK  [0m] Stopped Permit User Sessions.
[[0;32m  OK  [0m] Stopped LSB: Record successful boot for GRUB.
[[0;32m  OK  [0m] Stopped LSB: automatic crash report generation.
[[0;32m  OK  [0m] Stopped target Remote File Systems.
[[0;32m  OK  [0m] Stopped target Remote File Systems (Pre).
[[0;32m  OK  [0m] Stopped Virtualbox guest utils.
[[0;32m  OK  [0m] Stopped Login Service.
[[0;32m  OK  [0m] Stopped target User and Group Name Lookups.
[[0;32m  OK  [0m] Unmounted /run/docker/netns/ce36aa0bc4d4.
[[0;32m  OK  [0m] Unmounted /var/lib/docker/container…993e5542d267cff0187644/mounts/shm.
[[0;32m  OK  [0m] Unmounted /var/lib/docker/overlay2/…0e55ff926ccd61f4cc347053b8/merged.
[[0;32m  OK  [0m] Stopped Docker Application Container Engine.
         Stopping containerd container runtime...
[[0;32m  OK  [0m] Stopped target Network is Online.
[[0;32m  OK  [0m] Stopped containerd container runtime.
[[0;32m  OK  [0m] Stopped target Basic System.
[[0;32m  OK  [0m] Stopped target Paths.
[[0;32m  OK  [0m] Stopped ACPI Events Check.
[[0;32m  OK  [0m] Stopped target Sockets.
[[0;32m  OK  [0m] Closed Open-iSCSI iscsid Socket.
[[0;32m  OK  [0m] Closed Syslog Socket.
[[0;32m  OK  [0m] Closed Socket activation for snappy daemon.
[[0;32m  OK  [0m] Closed Docker Socket for the API.
[[0;32m  OK  [0m] Closed D-Bus System Message Bus Socket.
[[0;32m  OK  [0m] Closed LXD - unix socket.
[[0;32m  OK  [0m] Closed ACPID Listen Socket.
[[0;32m  OK  [0m] Closed UUID daemon activation socket.
[[0;32m  OK  [0m] Stopped target Slices.
[[0;32m  OK  [0m] Removed slice User and Session Slice.
[[0;32m  OK  [0m] Stopped target System Initialization.
         Stopping Update UTMP about System Boot/Shutdown...
[[0;32m  OK  [0m] Stopped Commit a transient machine-id on disk.
[[0;32m  OK  [0m] Stopped Initial cloud-init job (metadata service crawler).
         Stopping Load/Save Random Seed...
[[0;32m  OK  [0m] Stopped target Local Encrypted Volumes.
[[0;32m  OK  [0m] Stopped Dispatch Password Requests to Console Directory Watch.
[[0;32m  OK  [0m] Stopped Forward Password Requests to Wall Directory Watch.
[[0;32m  OK  [0m] Stopped target Network.
         Stopping Network Name Resolution...
[[0;32m  OK  [0m] Stopped Load/Save Random Seed.
[[0;32m  OK  [0m] Stopped Update UTMP about System Boot/Shutdown.
[[0;32m  OK  [0m] Stopped Network Name Resolution.
[[0;32m  OK  [0m] Stopped Create Volatile Files and Directories.
[[0;32m  OK  [0m] Stopped target Local File Systems.
         Unmounting /run/user/1000...
         Unmounting /vagrant...
         Stopping Network Service...
[[0;32m  OK  [0m] Unmounted /run/user/1000.
[[0;32m  OK  [0m] Stopped target Swap.
[[0;32m  OK  [0m] Unmounted /vagrant.
[[0;32m  OK  [0m] Reached target Unmount All Filesystems.
[[0;32m  OK  [0m] Stopped target Local File Systems (Pre).
         Stopping Monitoring of LVM2 mirrors…ng dmeventd or progress polling...
[[0;32m  OK  [0m] Stopped Create Static Device Nodes in /dev.
[[0;32m  OK  [0m] Stopped Network Service.
[[0;32m  OK  [0m] Stopped Apply Kernel Variables.
[[0;32m  OK  [0m] Stopped Load Kernel Modules.
[[0;32m  OK  [0m] Stopped target Network (Pre).
[[0;32m  OK  [0m] Stopped Initial cloud-init job (pre-networking).
[[0;32m  OK  [0m] Stopped Remount Root and Kernel File Systems.
[[0;32m  OK  [0m] Reached target Shutdown.
[[0;32m  OK  [0m] Reached target Final Step.
         Starting Power-Off...
[[0;32m  OK  [0m] Stopped Monitoring of LVM2 mirrors,…sing dmeventd or progress polling.
         Stopping LVM2 metadata daemon...
[[0;32m  OK  [0m] Stopped LVM2 metadata daemon.
[  798.113151] reboot: Power down 
